0 info it worked if it ends with ok
1 verbose cli [ '/home/nvm/.nvm/versions/node/v6.13.0/bin/node',
1 verbose cli   '/home/nvm/.nvm/versions/node/v6.13.0/bin/npm',
1 verbose cli   'start' ]
2 info using npm@3.10.10
3 info using node@v6.13.0
4 verbose config Skipping project config: /app/.npmrc. (matches userconfig)
5 verbose run-script [ 'prestart', 'start', 'poststart' ]
6 info lifecycle fcc-learn-npm-package-json@~prestart: fcc-learn-npm-package-json@
7 silly lifecycle fcc-learn-npm-package-json@~prestart: no script for prestart, continuing
8 info lifecycle fcc-learn-npm-package-json@~start: fcc-learn-npm-package-json@
9 verbose lifecycle fcc-learn-npm-package-json@~start: unsafe-perm in lifecycle true
10 verbose lifecycle fcc-learn-npm-package-json@~start: PATH: /home/nvm/.nvm/versions/node/v6.13.0/lib/node_modules/npm/bin/node-gyp-bin:/app/node_modules/.bin:/app/bin:/app/.local/bin:/app/node_modules/.bin:/usr/local/go/bin:/usr/local/sbin:/usr/local/bin:/usr/sbin:/usr/bin:/sbin:/bin:/home/nvm/.nvm/versions/node/v6.13.0/bin
11 verbose lifecycle fcc-learn-npm-package-json@~start: CWD: /app
12 silly lifecycle fcc-learn-npm-package-json@~start: Args: [ '-c', 'node server.js' ]
13 silly lifecycle fcc-learn-npm-package-json@~start: Returned: code: 1  signal: null
14 info lifecycle fcc-learn-npm-package-json@~start: Failed to exec start script
15 verbose stack Error: fcc-learn-npm-package-json@ start: `node server.js`
15 verbose stack Exit status 1
15 verbose stack     at EventEmitter.<anonymous> (/home/nvm/.nvm/versions/node/v6.13.0/lib/node_modules/npm/lib/utils/lifecycle.js:255:16)
15 verbose stack     at emitTwo (events.js:106:13)
15 verbose stack     at EventEmitter.emit (events.js:191:7)
15 verbose stack     at ChildProcess.<anonymous> (/home/nvm/.nvm/versions/node/v6.13.0/lib/node_modules/npm/lib/utils/spawn.js:40:14)
15 verbose stack     at emitTwo (events.js:106:13)
15 verbose stack     at ChildProcess.emit (events.js:191:7)
15 verbose stack     at maybeClose (internal/child_process.js:920:16)
15 verbose stack     at Process.ChildProcess._handle.onexit (internal/child_process.js:230:5)
16 verbose pkgid fcc-learn-npm-package-json@
17 verbose cwd /app
18 error Linux 4.4.0-1049-aws
19 error argv "/home/nvm/.nvm/versions/node/v6.13.0/bin/node" "/home/nvm/.nvm/versions/node/v6.13.0/bin/npm" "start"
20 error node v6.13.0
21 error npm  v3.10.10
22 error code ELIFECYCLE
23 error fcc-learn-npm-package-json@ start: `node server.js`
23 error Exit status 1
24 error Failed at the fcc-learn-npm-package-json@ start script 'node server.js'.
24 error Make sure you have the latest version of node.js and npm installed.
24 error If you do, this is most likely a problem with the fcc-learn-npm-package-json package,
24 error not with npm itself.
24 error Tell the author that this fails on your system:
24 error     node server.js
24 error You can get information on how to open an issue for this project with:
24 error     npm bugs fcc-learn-npm-package-json
24 error Or if that isn't available, you can get their info via:
24 error     npm owner ls fcc-learn-npm-package-json
24 error There is likely additional logging output above.
25 verbose exit [ 1, true ]
